101216 11:51:21  InnoDB: Database was not shut down normally!
InnoDB: Starting crash recovery.
InnoDB: Reading tablespace information from the .ibd files...
InnoDB: Restoring possible half-written data pages from the doublewrite
InnoDB: buffer...
101216 11:51:21  InnoDB: Starting log scan based on checkpoint at
InnoDB: log sequence number 0 25067427.
InnoDB: Doing recovery: scanned up to log sequence number 0 25067427
101216 11:51:21  InnoDB: Started; log sequence number 0 25067427
101216 11:51:22 [Note] E:\DevPrograms\Tesoreria Municipal\Tesoreria Municipal\bin\Debug\mysql\bin\mysqld.exe: ready for connections.
Version: '5.0.45-community-nt'  socket: ''  port: 3306  MySQL Community Edition (GPL)
101216 11:51:54  InnoDB: Database was not shut down normally!
InnoDB: Starting crash recovery.
InnoDB: Reading tablespace information from the .ibd files...
InnoDB: Restoring possible half-written data pages from the doublewrite
InnoDB: buffer...
101216 11:51:54  InnoDB: Starting log scan based on checkpoint at
InnoDB: log sequence number 0 25067427.
InnoDB: Doing recovery: scanned up to log sequence number 0 25067427
101216 11:51:54  InnoDB: Started; log sequence number 0 25067427
101216 11:51:54 [Note] E:\DevPrograms\Tesoreria Municipal\Tesoreria Municipal\bin\Debug\mysql\bin\mysqld.exe: ready for connections.
Version: '5.0.45-community-nt'  socket: ''  port: 3306  MySQL Community Edition (GPL)
